Using pre-set license
Built from '2021.3/staging' branch; Version is '2021.3.18f1 (3129e69bc0c7) revision 3221990'; Using compiler version '192829333'; Build Type 'Release'
OS: 'Windows 11  (10.0.22621) 64bit Core' Language: 'it' Physical Memory: 16272 MB
BatchMode: 1, IsHumanControllingUs: 0, StartBugReporterOnCrash: 0, Is64bit: 1, IsPro: 1

COMMAND LINE ARGUMENTS:
D:\Unity\Unity Versions\2021.3.18f1\Editor\Unity.exe
-adb2
-batchMode
-noUpm
-name
AssetImportWorker4
-projectPath
D:/Unity/Progetti Miei/Nutty2DProject/Nutty2D
-logFile
Logs/AssetImportWorker4.log
-srvPort
51372
Successfully changed project path to: D:/Unity/Progetti Miei/Nutty2DProject/Nutty2D
D:/Unity/Progetti Miei/Nutty2DProject/Nutty2D
[UnityMemory] Configuration Parameters - Can be set up in boot.config
    "memorysetup-bucket-allocator-granularity=16"
    "memorysetup-bucket-allocator-bucket-count=8"
    "memorysetup-bucket-allocator-block-size=33554432"
    "memorysetup-bucket-allocator-block-count=8"
    "memorysetup-main-allocator-block-size=16777216"
    "memorysetup-thread-allocator-block-size=16777216"
    "memorysetup-gfx-main-allocator-block-size=16777216"
    "memorysetup-gfx-thread-allocator-block-size=16777216"
    "memorysetup-cache-allocator-block-size=4194304"
    "memorysetup-typetree-allocator-block-size=2097152"
    "memorysetup-profiler-bucket-allocator-granularity=16"
    "memorysetup-profiler-bucket-allocator-bucket-count=8"
    "memorysetup-profiler-bucket-allocator-block-size=33554432"
    "memorysetup-profiler-bucket-allocator-block-count=8"
    "memorysetup-profiler-allocator-block-size=16777216"
    "memorysetup-profiler-editor-allocator-block-size=1048576"
    "memorysetup-temp-allocator-size-main=16777216"
    "memorysetup-job-temp-allocator-block-size=2097152"
    "memorysetup-job-temp-allocator-block-size-background=1048576"
    "memorysetup-job-temp-allocator-reduction-small-platforms=262144"
    "memorysetup-temp-allocator-size-background-worker=32768"
    "memorysetup-temp-allocator-size-job-worker=262144"
    "memorysetup-temp-allocator-size-preload-manager=33554432"
    "memorysetup-temp-allocator-size-nav-mesh-worker=65536"
    "memorysetup-temp-allocator-size-audio-worker=65536"
    "memorysetup-temp-allocator-size-cloud-worker=32768"
    "memorysetup-temp-allocator-size-gi-baking-worker=262144"
    "memorysetup-temp-allocator-size-gfx=262144"
Player connection [3968] Host "[IP] 192.168.1.90 [Port] 0 [Flags] 2 [Guid] 2661775639 [EditorId] 2661775639 [Version] 1048832 [Id] WindowsEditor(7,DarioPC) [Debug] 1 [PackageName] WindowsEditor [ProjectName] Editor" joined multi-casting on [225.0.0.222:54997]...

Player connection [3968] Host "[IP] 192.168.1.90 [Port] 0 [Flags] 2 [Guid] 2661775639 [EditorId] 2661775639 [Version] 1048832 [Id] WindowsEditor(7,DarioPC) [Debug] 1 [PackageName] WindowsEditor [ProjectName] Editor" joined alternative multi-casting on [225.0.0.222:34997]...

Refreshing native plugins compatible for Editor in 133.96 ms, found 4 plugins.
Preloading 0 native plugins for Editor in 0.00 ms.
Initialize engine version: 2021.3.18f1 (3129e69bc0c7)
[Subsystems] Discovering subsystems at path D:/Unity/Unity Versions/2021.3.18f1/Editor/Data/Resources/UnitySubsystems
[Subsystems] Discovering subsystems at path D:/Unity/Progetti Miei/Nutty2DProject/Nutty2D/Assets
GfxDevice: creating device client; threaded=0; jobified=0
Direct3D:
    Version:  Direct3D 11.0 [level 11.1]
    Renderer: NVIDIA GeForce GTX 1050 Ti (ID=0x1c8c)
    Vendor:   NVIDIA
    VRAM:     4019 MB
    Driver:   27.21.14.6109
Initialize mono
Mono path[0] = 'D:/Unity/Unity Versions/2021.3.18f1/Editor/Data/Managed'
Mono path[1] = 'D:/Unity/Unity Versions/2021.3.18f1/Editor/Data/MonoBleedingEdge/lib/mono/unityjit-win32'
Mono config path = 'D:/Unity/Unity Versions/2021.3.18f1/Editor/Data/MonoBleedingEdge/etc'
Using monoOptions --debugger-agent=transport=dt_socket,embedding=1,server=y,suspend=n,address=127.0.0.1:56424
Begin MonoManager ReloadAssembly
Registering precompiled unity dll's ...
Register platform support module: D:/Unity/Unity Versions/2021.3.18f1/Editor/Data/PlaybackEngines/WindowsStandaloneSupport/UnityEditor.WindowsStandalone.Extensions.dll
Registered in 0.002165 seconds.
Native extension for WindowsStandalone target not found
Refreshing native plugins compatible for Editor in 102.91 ms, found 4 plugins.
Preloading 0 native plugins for Editor in 0.00 ms.
Mono: successfully reloaded assembly
- Completed reload, in  0.695 seconds
Domain Reload Profiling:
	ReloadAssembly (695ms)
		BeginReloadAssembly (90ms)
			ExecutionOrderSort (0ms)
			DisableScriptedObjects (0ms)
			BackupInstance (0ms)
			ReleaseScriptingObjects (0ms)
			CreateAndSetChildDomain (1ms)
		EndReloadAssembly (504ms)
			LoadAssemblies (89ms)
			RebuildTransferFunctionScriptingTraits (0ms)
			SetupTypeCache (115ms)
			ReleaseScriptCaches (0ms)
			RebuildScriptCaches (31ms)
			SetupLoadedEditorAssemblies (306ms)
				LogAssemblyErrors (0ms)
				InitializePlatformSupportModulesInManaged (6ms)
				SetLoadedEditorAssemblies (0ms)
				RefreshPlugins (103ms)
				BeforeProcessingInitializeOnLoad (1ms)
				ProcessInitializeOnLoadAttributes (146ms)
				ProcessInitializeOnLoadMethodAttributes (49ms)
				AfterProcessingInitializeOnLoad (0ms)
				EditorAssembliesLoaded (0ms)
			ExecutionOrderSort2 (0ms)
			AwakeInstancesAfterBackupRestoration (0ms)
Platform modules already initialized, skipping
Registering precompiled user dll's ...
Registered in 0.008633 seconds.
Begin MonoManager ReloadAssembly
Symbol file LoadedFromMemory doesn't match image D:\Unity\Progetti Miei\Nutty2DProject\Nutty2D\Library\PackageCache\com.unity.visualscripting@1.8.0\Editor\VisualScripting.Core\Dependencies\YamlDotNet\Unity.VisualScripting.YamlDotNet.dll
Symbol file LoadedFromMemory doesn't match image D:\Unity\Progetti Miei\Nutty2DProject\Nutty2D\Library\PackageCache\com.unity.visualscripting@1.8.0\Editor\VisualScripting.Core\Dependencies\DotNetZip\Unity.VisualScripting.IonicZip.dll
Native extension for WindowsStandalone target not found
Refreshing native plugins compatible for Editor in 100.74 ms, found 4 plugins.
Preloading 0 native plugins for Editor in 0.00 ms.
Mono: successfully reloaded assembly
- Completed reload, in  1.127 seconds
Domain Reload Profiling:
	ReloadAssembly (1128ms)
		BeginReloadAssembly (120ms)
			ExecutionOrderSort (0ms)
			DisableScriptedObjects (6ms)
			BackupInstance (0ms)
			ReleaseScriptingObjects (0ms)
			CreateAndSetChildDomain (19ms)
		EndReloadAssembly (898ms)
			LoadAssemblies (99ms)
			RebuildTransferFunctionScriptingTraits (0ms)
			SetupTypeCache (236ms)
			ReleaseScriptCaches (1ms)
			RebuildScriptCaches (57ms)
			SetupLoadedEditorAssemblies (473ms)
				LogAssemblyErrors (0ms)
				InitializePlatformSupportModulesInManaged (3ms)
				SetLoadedEditorAssemblies (0ms)
				RefreshPlugins (101ms)
				BeforeProcessingInitializeOnLoad (87ms)
				ProcessInitializeOnLoadAttributes (238ms)
				ProcessInitializeOnLoadMethodAttributes (41ms)
				AfterProcessingInitializeOnLoad (2ms)
				EditorAssembliesLoaded (0ms)
			ExecutionOrderSort2 (0ms)
			AwakeInstancesAfterBackupRestoration (8ms)
Platform modules already initialized, skipping
========================================================================
Worker process is ready to serve import requests
Launched and connected shader compiler UnityShaderCompiler.exe after 0.04 seconds
Refreshing native plugins compatible for Editor in 0.79 ms, found 4 plugins.
Preloading 0 native plugins for Editor in 0.00 ms.
Unloading 3734 Unused Serialized files (Serialized files now loaded: 0)
Unloading 41 unused Assets / (229.0 KB). Loaded Objects now: 4188.
Memory consumption went from 143.0 MB to 142.7 MB.
Total: 3.432400 ms (FindLiveObjects: 0.279500 ms CreateObjectMapping: 0.199400 ms MarkObjects: 2.815600 ms  DeleteObjects: 0.136900 ms)

AssetImportParameters requested are different than current active one (requested -> active):
  custom:video-decoder-ogg-theora: a1e56fd34408186e4bbccfd4996cb3dc -> 
  custom:container-muxer-webm: aa71ff27fc2769a1b78a27578f13a17b -> 
  custom:container-demuxer-webm: 4f35f7cbe854078d1ac9338744f61a02 -> 
  custom:video-encoder-webm-vp8: eb34c28f22e8b96e1ab97ce403110664 -> 
  custom:audio-encoder-webm-vorbis: bf7c407c2cedff20999df2af8eb42d56 -> 
  custom:framework-win-MediaFoundation: 216162199b28c13a410421893ffa2e32 -> 
  custom:container-demuxer-ogg: 62fdf1f143b41e24485cea50d1cbac27 -> 
  custom:video-decoder-webm-vp8: 9c59270c3fd7afecdb556c50c9e8de78 -> 
  custom:audio-decoder-ogg-vorbis: bf7c407c2cedff20999df2af8eb42d56 -> 
========================================================================
Received Import Request.
  Time since last request: 40218.973203 seconds.
  path: Assets/JellyIcons/256x256/Icons/BlueSquares/BlueSquareMenu.png
  artifactKey: Guid(5a5e6a6d6dcb616478d659a672b90954) Importer(815301076,1909f56bfc062723c751e8b465ee728b)
Start importing Assets/JellyIcons/256x256/Icons/BlueSquares/BlueSquareMenu.png using Guid(5a5e6a6d6dcb616478d659a672b90954) Importer(815301076,1909f56bfc062723c751e8b465ee728b)  -> (artifact id: '7f39c0832b10320394fc74d676695a70') in 0.173059 seconds 
========================================================================
Received Import Request.
  Time since last request: 1.406899 seconds.
  path: Assets/JellyIcons/256x256/Icons/BlueSquares/BlueSquareMenu2.png
  artifactKey: Guid(562f83db88b991d419b3ca2f7df1361f) Importer(815301076,1909f56bfc062723c751e8b465ee728b)
Start importing Assets/JellyIcons/256x256/Icons/BlueSquares/BlueSquareMenu2.png using Guid(562f83db88b991d419b3ca2f7df1361f) Importer(815301076,1909f56bfc062723c751e8b465ee728b)  -> (artifact id: '6927004dda5c34d95a76d9ee5764eabe') in 0.068467 seconds 
========================================================================
Received Import Request.
  Time since last request: 0.496467 seconds.
  path: Assets/JellyIcons/256x256/Icons/GreenCircles/GreenCircleMenu.png
  artifactKey: Guid(0ea40657d0ab52e4e8255526d19ecd56) Importer(815301076,1909f56bfc062723c751e8b465ee728b)
Start importing Assets/JellyIcons/256x256/Icons/GreenCircles/GreenCircleMenu.png using Guid(0ea40657d0ab52e4e8255526d19ecd56) Importer(815301076,1909f56bfc062723c751e8b465ee728b)  -> (artifact id: '0a5ae95b71b2cb5ce72106e6726c954f') in 0.091939 seconds 
========================================================================
Received Import Request.
  Time since last request: 0.144005 seconds.
  path: Assets/JellyIcons/512x512/Icons/GreenCircles/GreenCircleMenu.png
  artifactKey: Guid(178a79a414b3210488b5b149d824660e) Importer(815301076,1909f56bfc062723c751e8b465ee728b)
Start importing Assets/JellyIcons/512x512/Icons/GreenCircles/GreenCircleMenu.png using Guid(178a79a414b3210488b5b149d824660e) Importer(815301076,1909f56bfc062723c751e8b465ee728b)  -> (artifact id: '9ddb805eae088f10c710be45fd181379') in 0.066704 seconds 
========================================================================
Received Import Request.
  Time since last request: 7.296218 seconds.
  path: Assets/JellyIcons/256x256/Icons/GreenCircles/GreenCircleMenu2.png
  artifactKey: Guid(689c983b08bb48949ac47c94782478b8) Importer(815301076,1909f56bfc062723c751e8b465ee728b)
Start importing Assets/JellyIcons/256x256/Icons/GreenCircles/GreenCircleMenu2.png using Guid(689c983b08bb48949ac47c94782478b8) Importer(815301076,1909f56bfc062723c751e8b465ee728b)  -> (artifact id: '28d5e4e6432834b89f22ac58074991d6') in 0.115559 seconds 
========================================================================
Received Import Request.
  Time since last request: 0.180170 seconds.
  path: Assets/JellyIcons/512x512/Icons/GreenSquares/GreenSquareMenu.png
  artifactKey: Guid(b1d60e017f5df8e46848cc190d47eee4) Importer(815301076,1909f56bfc062723c751e8b465ee728b)
Start importing Assets/JellyIcons/512x512/Icons/GreenSquares/GreenSquareMenu.png using Guid(b1d60e017f5df8e46848cc190d47eee4) Importer(815301076,1909f56bfc062723c751e8b465ee728b)  -> (artifact id: '0b6c37a1c3c30c0bae2937490f8d6e69') in 0.068585 seconds 
========================================================================
Received Import Request.
  Time since last request: 0.340546 seconds.
  path: Assets/JellyIcons/256x256/Icons/GreenSquares/GreenSquaresMenu.png
  artifactKey: Guid(6998c0de4a937034cb86fa4fdc5978d6) Importer(815301076,1909f56bfc062723c751e8b465ee728b)
Start importing Assets/JellyIcons/256x256/Icons/GreenSquares/GreenSquaresMenu.png using Guid(6998c0de4a937034cb86fa4fdc5978d6) Importer(815301076,1909f56bfc062723c751e8b465ee728b)  -> (artifact id: 'fcd1f2219c7f94cc412f4d4e682bbed7') in 0.130983 seconds 
========================================================================
Received Import Request.
  Time since last request: 0.245060 seconds.
  path: Assets/JellyIcons/256x256/Icons/GreyCircles/GreyCircleMenu.png
  artifactKey: Guid(800cfc83c0d7008408c39d03c27ddbbd) Importer(815301076,1909f56bfc062723c751e8b465ee728b)
Start importing Assets/JellyIcons/256x256/Icons/GreyCircles/GreyCircleMenu.png using Guid(800cfc83c0d7008408c39d03c27ddbbd) Importer(815301076,1909f56bfc062723c751e8b465ee728b)  -> (artifact id: 'b1aee865e0bae8a09920dd9d1bc7667b') in 0.074552 seconds 
========================================================================
Received Import Request.
  Time since last request: 0.304734 seconds.
  path: Assets/JellyIcons/512x512/Icons/GreyCircles/GreyCircleMenu.png
  artifactKey: Guid(228dea135ddf8614b99dc82acdef7b2c) Importer(815301076,1909f56bfc062723c751e8b465ee728b)
Start importing Assets/JellyIcons/512x512/Icons/GreyCircles/GreyCircleMenu.png using Guid(228dea135ddf8614b99dc82acdef7b2c) Importer(815301076,1909f56bfc062723c751e8b465ee728b)  -> (artifact id: '127e163cd38adaf189808a14fc6ff254') in 0.134574 seconds 
========================================================================
Received Import Request.
  Time since last request: 1.935212 seconds.
  path: Assets/JellyIcons/256x256/Icons/GreySquares/GreySquareMenu.png
  artifactKey: Guid(75cd96c1ecc95f94598c255a18193bce) Importer(815301076,1909f56bfc062723c751e8b465ee728b)
Start importing Assets/JellyIcons/256x256/Icons/GreySquares/GreySquareMenu.png using Guid(75cd96c1ecc95f94598c255a18193bce) Importer(815301076,1909f56bfc062723c751e8b465ee728b)  -> (artifact id: 'a47cb16f95c1a06ea236b161ee390154') in 0.117460 seconds 
========================================================================
Received Import Request.
  Time since last request: 0.000018 seconds.
  path: Assets/JellyIcons/256x256/Icons/VioletSquares/VioletSquareMenu.png
  artifactKey: Guid(0fcfa8d98dc60b44b86e2e79b9a47efd) Importer(815301076,1909f56bfc062723c751e8b465ee728b)
Start importing Assets/JellyIcons/256x256/Icons/VioletSquares/VioletSquareMenu.png using Guid(0fcfa8d98dc60b44b86e2e79b9a47efd) Importer(815301076,1909f56bfc062723c751e8b465ee728b)  -> (artifact id: 'a5467c0627e4ffc880fef47b5c393ba3') in 0.086507 seconds 
========================================================================
Received Import Request.
  Time since last request: 0.000036 seconds.
  path: Assets/JellyIcons/256x256/Icons/YellowSquares/YellowSquareMenu2.png
  artifactKey: Guid(920802bd49212e94d80120115ba3bea4) Importer(815301076,1909f56bfc062723c751e8b465ee728b)
Start importing Assets/JellyIcons/256x256/Icons/YellowSquares/YellowSquareMenu2.png using Guid(920802bd49212e94d80120115ba3bea4) Importer(815301076,1909f56bfc062723c751e8b465ee728b)  -> (artifact id: '37a302f55a23b62124b067a39558e7ce') in 0.099880 seconds 
========================================================================
Received Import Request.
  Time since last request: 0.000042 seconds.
  path: Assets/JellyIcons/512x512/Icons/YellowSquares/YellowSquareMenu1.png
  artifactKey: Guid(ce63b80892239ae4ba42e12f8626d7e1) Importer(815301076,1909f56bfc062723c751e8b465ee728b)
Start importing Assets/JellyIcons/512x512/Icons/YellowSquares/YellowSquareMenu1.png using Guid(ce63b80892239ae4ba42e12f8626d7e1) Importer(815301076,1909f56bfc062723c751e8b465ee728b)  -> (artifact id: '6c1cfbc25ccfd0a91a79f8d2dc72d40a') in 0.149874 seconds 
========================================================================
Received Import Request.
  Time since last request: 0.000019 seconds.
  path: Assets/JellyIcons/256x256/Icons/VioletCircles/VioletCircleMenu.png
  artifactKey: Guid(b4ce0096f713f1e478fde77b1a6a0602) Importer(815301076,1909f56bfc062723c751e8b465ee728b)
Start importing Assets/JellyIcons/256x256/Icons/VioletCircles/VioletCircleMenu.png using Guid(b4ce0096f713f1e478fde77b1a6a0602) Importer(815301076,1909f56bfc062723c751e8b465ee728b)  -> (artifact id: '3ecd370fa28260cd978997ef9edb9605') in 0.515187 seconds 
========================================================================
Received Import Request.
  Time since last request: 0.000018 seconds.
  path: Assets/JellyIcons/512x512/Icons/BasicIcons/Menu2.png
  artifactKey: Guid(d18cc5164dbcf3c49bcf573c1ceceff2) Importer(815301076,1909f56bfc062723c751e8b465ee728b)
Start importing Assets/JellyIcons/512x512/Icons/BasicIcons/Menu2.png using Guid(d18cc5164dbcf3c49bcf573c1ceceff2) Importer(815301076,1909f56bfc062723c751e8b465ee728b)  -> (artifact id: '1f7e89bb6eb257f269bb80dccf3f08ce') in 0.290724 seconds 
========================================================================
Received Import Request.
  Time since last request: 0.000039 seconds.
  path: Assets/JellyIcons/512x512/Icons/YellowCircles/YellowMenu1.png
  artifactKey: Guid(d3559ab7d12623044bd4920a4d690180) Importer(815301076,1909f56bfc062723c751e8b465ee728b)
Start importing Assets/JellyIcons/512x512/Icons/YellowCircles/YellowMenu1.png using Guid(d3559ab7d12623044bd4920a4d690180) Importer(815301076,1909f56bfc062723c751e8b465ee728b)  -> (artifact id: 'd332e91243c3165e727c78745401f664') in 0.173519 seconds 
========================================================================
Received Import Request.
  Time since last request: 0.000014 seconds.
  path: Assets/JellyIcons/512x512/Icons/YellowCircles/YellowCircleMenu2.png
  artifactKey: Guid(f419256fab39421499782e1edd449a64) Importer(815301076,1909f56bfc062723c751e8b465ee728b)
Start importing Assets/JellyIcons/512x512/Icons/YellowCircles/YellowCircleMenu2.png using Guid(f419256fab39421499782e1edd449a64) Importer(815301076,1909f56bfc062723c751e8b465ee728b)  -> (artifact id: '7b0f93905506615e39827496c1f38acc') in 0.121334 seconds 
========================================================================
Received Import Request.
  Time since last request: 0.000023 seconds.
  path: Assets/JellyIcons/256x256/Icons/RedCircles/RedCircleMenu2.png
  artifactKey: Guid(3b70b4fc62aa545429488c3bea943631) Importer(815301076,1909f56bfc062723c751e8b465ee728b)
Start importing Assets/JellyIcons/256x256/Icons/RedCircles/RedCircleMenu2.png using Guid(3b70b4fc62aa545429488c3bea943631) Importer(815301076,1909f56bfc062723c751e8b465ee728b)  -> (artifact id: 'adc2cae9b4494d225f34688674004f2c') in 0.677435 seconds 
========================================================================
Received Import Request.
  Time since last request: 0.000052 seconds.
  path: Assets/JellyIcons/256x256/Icons/BasicIcons/Menu.png
  artifactKey: Guid(0f6406f4ad8da2f439fa7cd04b20a756) Importer(815301076,1909f56bfc062723c751e8b465ee728b)
Start importing Assets/JellyIcons/256x256/Icons/BasicIcons/Menu.png using Guid(0f6406f4ad8da2f439fa7cd04b20a756) Importer(815301076,1909f56bfc062723c751e8b465ee728b)  -> (artifact id: '292152bc5d60546bccf1a33e41a7b730') in 0.310360 seconds 
