Using pre-set license
Built from '2021.3/staging' branch; Version is '2021.3.18f1 (3129e69bc0c7) revision 3221990'; Using compiler version '192829333'; Build Type 'Release'
OS: 'Windows 11  (10.0.22621) 64bit Core' Language: 'it' Physical Memory: 16272 MB
BatchMode: 1, IsHumanControllingUs: 0, StartBugReporterOnCrash: 0, Is64bit: 1, IsPro: 1

COMMAND LINE ARGUMENTS:
D:\Unity\Unity Versions\2021.3.18f1\Editor\Unity.exe
-adb2
-batchMode
-noUpm
-name
AssetImportWorker3
-projectPath
D:/Unity/Progetti Miei/Nutty2DProject/Nutty2D
-logFile
Logs/AssetImportWorker3.log
-srvPort
60020
Successfully changed project path to: D:/Unity/Progetti Miei/Nutty2DProject/Nutty2D
D:/Unity/Progetti Miei/Nutty2DProject/Nutty2D
[UnityMemory] Configuration Parameters - Can be set up in boot.config
    "memorysetup-bucket-allocator-granularity=16"
    "memorysetup-bucket-allocator-bucket-count=8"
    "memorysetup-bucket-allocator-block-size=33554432"
    "memorysetup-bucket-allocator-block-count=8"
    "memorysetup-main-allocator-block-size=16777216"
    "memorysetup-thread-allocator-block-size=16777216"
    "memorysetup-gfx-main-allocator-block-size=16777216"
    "memorysetup-gfx-thread-allocator-block-size=16777216"
    "memorysetup-cache-allocator-block-size=4194304"
    "memorysetup-typetree-allocator-block-size=2097152"
    "memorysetup-profiler-bucket-allocator-granularity=16"
    "memorysetup-profiler-bucket-allocator-bucket-count=8"
    "memorysetup-profiler-bucket-allocator-block-size=33554432"
    "memorysetup-profiler-bucket-allocator-block-count=8"
    "memorysetup-profiler-allocator-block-size=16777216"
    "memorysetup-profiler-editor-allocator-block-size=1048576"
    "memorysetup-temp-allocator-size-main=16777216"
    "memorysetup-job-temp-allocator-block-size=2097152"
    "memorysetup-job-temp-allocator-block-size-background=1048576"
    "memorysetup-job-temp-allocator-reduction-small-platforms=262144"
    "memorysetup-temp-allocator-size-background-worker=32768"
    "memorysetup-temp-allocator-size-job-worker=262144"
    "memorysetup-temp-allocator-size-preload-manager=33554432"
    "memorysetup-temp-allocator-size-nav-mesh-worker=65536"
    "memorysetup-temp-allocator-size-audio-worker=65536"
    "memorysetup-temp-allocator-size-cloud-worker=32768"
    "memorysetup-temp-allocator-size-gi-baking-worker=262144"
    "memorysetup-temp-allocator-size-gfx=262144"
Player connection [8852] Host "[IP] 192.168.1.90 [Port] 0 [Flags] 2 [Guid] 3577691478 [EditorId] 3577691478 [Version] 1048832 [Id] WindowsEditor(7,DarioPC) [Debug] 1 [PackageName] WindowsEditor [ProjectName] Editor" joined multi-casting on [225.0.0.222:54997]...

Player connection [8852] Host "[IP] 192.168.1.90 [Port] 0 [Flags] 2 [Guid] 3577691478 [EditorId] 3577691478 [Version] 1048832 [Id] WindowsEditor(7,DarioPC) [Debug] 1 [PackageName] WindowsEditor [ProjectName] Editor" joined alternative multi-casting on [225.0.0.222:34997]...

Refreshing native plugins compatible for Editor in 113.12 ms, found 4 plugins.
Preloading 0 native plugins for Editor in 0.00 ms.
Initialize engine version: 2021.3.18f1 (3129e69bc0c7)
[Subsystems] Discovering subsystems at path D:/Unity/Unity Versions/2021.3.18f1/Editor/Data/Resources/UnitySubsystems
[Subsystems] Discovering subsystems at path D:/Unity/Progetti Miei/Nutty2DProject/Nutty2D/Assets
GfxDevice: creating device client; threaded=0; jobified=0
Direct3D:
    Version:  Direct3D 11.0 [level 11.1]
    Renderer: NVIDIA GeForce GTX 1050 Ti (ID=0x1c8c)
    Vendor:   NVIDIA
    VRAM:     4019 MB
    Driver:   27.21.14.6109
Initialize mono
Mono path[0] = 'D:/Unity/Unity Versions/2021.3.18f1/Editor/Data/Managed'
Mono path[1] = 'D:/Unity/Unity Versions/2021.3.18f1/Editor/Data/MonoBleedingEdge/lib/mono/unityjit-win32'
Mono config path = 'D:/Unity/Unity Versions/2021.3.18f1/Editor/Data/MonoBleedingEdge/etc'
Using monoOptions --debugger-agent=transport=dt_socket,embedding=1,server=y,suspend=n,address=127.0.0.1:56596
Begin MonoManager ReloadAssembly
Registering precompiled unity dll's ...
Register platform support module: D:/Unity/Unity Versions/2021.3.18f1/Editor/Data/PlaybackEngines/AndroidPlayer/UnityEditor.Android.Extensions.dll
Register platform support module: D:/Unity/Unity Versions/2021.3.18f1/Editor/Data/PlaybackEngines/iOSSupport/UnityEditor.iOS.Extensions.dll
Register platform support module: D:/Unity/Unity Versions/2021.3.18f1/Editor/Data/PlaybackEngines/WindowsStandaloneSupport/UnityEditor.WindowsStandalone.Extensions.dll
Registered in 0.003006 seconds.
Native extension for WindowsStandalone target not found
[usbmuxd] Start listen thread
[usbmuxd] Listen thread started
Native extension for iOS target not found
Native extension for Android target not found
Android Extension - Scanning For ADB Devices 298 ms
Refreshing native plugins compatible for Editor in 106.58 ms, found 4 plugins.
Preloading 0 native plugins for Editor in 0.00 ms.
Mono: successfully reloaded assembly
- Completed reload, in  1.006 seconds
Domain Reload Profiling:
	ReloadAssembly (1006ms)
		BeginReloadAssembly (85ms)
			ExecutionOrderSort (0ms)
			DisableScriptedObjects (0ms)
			BackupInstance (0ms)
			ReleaseScriptingObjects (0ms)
			CreateAndSetChildDomain (1ms)
		EndReloadAssembly (818ms)
			LoadAssemblies (86ms)
			RebuildTransferFunctionScriptingTraits (0ms)
			SetupTypeCache (118ms)
			ReleaseScriptCaches (0ms)
			RebuildScriptCaches (29ms)
			SetupLoadedEditorAssemblies (623ms)
				LogAssemblyErrors (0ms)
				InitializePlatformSupportModulesInManaged (384ms)
				SetLoadedEditorAssemblies (0ms)
				RefreshPlugins (107ms)
				BeforeProcessingInitializeOnLoad (1ms)
				ProcessInitializeOnLoadAttributes (89ms)
				ProcessInitializeOnLoadMethodAttributes (41ms)
				AfterProcessingInitializeOnLoad (0ms)
				EditorAssembliesLoaded (0ms)
			ExecutionOrderSort2 (0ms)
			AwakeInstancesAfterBackupRestoration (0ms)
Platform modules already initialized, skipping
Registering precompiled user dll's ...
Registered in 0.006522 seconds.
Begin MonoManager ReloadAssembly
Symbol file LoadedFromMemory doesn't match image D:\Unity\Progetti Miei\Nutty2DProject\Nutty2D\Library\PackageCache\com.unity.visualscripting@1.8.0\Editor\VisualScripting.Core\Dependencies\YamlDotNet\Unity.VisualScripting.YamlDotNet.dll
Symbol file LoadedFromMemory doesn't match image D:\Unity\Progetti Miei\Nutty2DProject\Nutty2D\Library\PackageCache\com.unity.visualscripting@1.8.0\Editor\VisualScripting.Core\Dependencies\DotNetZip\Unity.VisualScripting.IonicZip.dll
Native extension for WindowsStandalone target not found
Native extension for iOS target not found
Native extension for Android target not found
Refreshing native plugins compatible for Editor in 105.46 ms, found 4 plugins.
Preloading 0 native plugins for Editor in 0.00 ms.
Mono: successfully reloaded assembly
- Completed reload, in  1.161 seconds
Domain Reload Profiling:
	ReloadAssembly (1161ms)
		BeginReloadAssembly (124ms)
			ExecutionOrderSort (0ms)
			DisableScriptedObjects (6ms)
			BackupInstance (0ms)
			ReleaseScriptingObjects (0ms)
			CreateAndSetChildDomain (21ms)
		EndReloadAssembly (926ms)
			LoadAssemblies (106ms)
			RebuildTransferFunctionScriptingTraits (0ms)
			SetupTypeCache (239ms)
			ReleaseScriptCaches (1ms)
			RebuildScriptCaches (55ms)
			SetupLoadedEditorAssemblies (465ms)
				LogAssemblyErrors (0ms)
				InitializePlatformSupportModulesInManaged (21ms)
				SetLoadedEditorAssemblies (0ms)
				RefreshPlugins (106ms)
				BeforeProcessingInitializeOnLoad (84ms)
				ProcessInitializeOnLoadAttributes (213ms)
				ProcessInitializeOnLoadMethodAttributes (40ms)
				AfterProcessingInitializeOnLoad (2ms)
				EditorAssembliesLoaded (0ms)
			ExecutionOrderSort2 (0ms)
			AwakeInstancesAfterBackupRestoration (6ms)
Platform modules already initialized, skipping
========================================================================
Worker process is ready to serve import requests
Launched and connected shader compiler UnityShaderCompiler.exe after 0.07 seconds
Refreshing native plugins compatible for Editor in 0.77 ms, found 4 plugins.
Preloading 0 native plugins for Editor in 0.00 ms.
Unloading 3751 Unused Serialized files (Serialized files now loaded: 0)
Unloading 41 unused Assets / (229.1 KB). Loaded Objects now: 4207.
Memory consumption went from 145.5 MB to 145.3 MB.
Total: 3.517000 ms (FindLiveObjects: 0.280200 ms CreateObjectMapping: 0.249600 ms MarkObjects: 2.827500 ms  DeleteObjects: 0.158900 ms)

AssetImportParameters requested are different than current active one (requested -> active):
  custom:video-decoder-ogg-theora: a1e56fd34408186e4bbccfd4996cb3dc -> 
  custom:container-muxer-webm: aa71ff27fc2769a1b78a27578f13a17b -> 
  custom:container-demuxer-webm: 4f35f7cbe854078d1ac9338744f61a02 -> 
  custom:video-encoder-webm-vp8: eb34c28f22e8b96e1ab97ce403110664 -> 
  custom:audio-encoder-webm-vorbis: bf7c407c2cedff20999df2af8eb42d56 -> 
  custom:framework-win-MediaFoundation: 216162199b28c13a410421893ffa2e32 -> 
  custom:container-demuxer-ogg: 62fdf1f143b41e24485cea50d1cbac27 -> 
  custom:video-decoder-webm-vp8: 9c59270c3fd7afecdb556c50c9e8de78 -> 
  custom:audio-decoder-ogg-vorbis: bf7c407c2cedff20999df2af8eb42d56 -> 
========================================================================
Received Import Request.
  Time since last request: 181630.570448 seconds.
  path: Assets/JellyIcons/256x256/Icons/BlueSquares/BlueSquareSoundOff.png
  artifactKey: Guid(13935125765285a4a94b95c68633dae5) Importer(815301076,1909f56bfc062723c751e8b465ee728b)
Start importing Assets/JellyIcons/256x256/Icons/BlueSquares/BlueSquareSoundOff.png using Guid(13935125765285a4a94b95c68633dae5) Importer(815301076,1909f56bfc062723c751e8b465ee728b)  -> (artifact id: '517ee766082032152cdbd8eefc508a73') in 0.299674 seconds 
========================================================================
Received Import Request.
  Time since last request: 19.640244 seconds.
  path: Assets/JellyIcons/512x512/Icons/BlueSquares/BlueSquareCup1.png
  artifactKey: Guid(4c3152e06d360844594918e7c4f2b2db) Importer(815301076,1909f56bfc062723c751e8b465ee728b)
Start importing Assets/JellyIcons/512x512/Icons/BlueSquares/BlueSquareCup1.png using Guid(4c3152e06d360844594918e7c4f2b2db) Importer(815301076,1909f56bfc062723c751e8b465ee728b)  -> (artifact id: 'd3aedff8454069bd1a0235e3412c42c9') in 0.137139 seconds 
========================================================================
Received Import Request.
  Time since last request: 0.000020 seconds.
  path: Assets/JellyIcons/512x512/Icons/BlueSquares/BlueSquareDownload.png
  artifactKey: Guid(3ea269524908af341adfd32ddf75247b) Importer(815301076,1909f56bfc062723c751e8b465ee728b)
Start importing Assets/JellyIcons/512x512/Icons/BlueSquares/BlueSquareDownload.png using Guid(3ea269524908af341adfd32ddf75247b) Importer(815301076,1909f56bfc062723c751e8b465ee728b)  -> (artifact id: '3e067cd29193b7e0bc87f664517f80af') in 0.088372 seconds 
========================================================================
Received Import Request.
  Time since last request: 1.857918 seconds.
  path: Assets/JellyIcons/512x512/Icons/BlueSquares/BlueSquareMusic.png
  artifactKey: Guid(bd72ab9d18a0f8f4db6416a1cd9f1b33) Importer(815301076,1909f56bfc062723c751e8b465ee728b)
Start importing Assets/JellyIcons/512x512/Icons/BlueSquares/BlueSquareMusic.png using Guid(bd72ab9d18a0f8f4db6416a1cd9f1b33) Importer(815301076,1909f56bfc062723c751e8b465ee728b)  -> (artifact id: '564e7632b9a400b5d715597f1474dfa1') in 0.054862 seconds 
========================================================================
Received Import Request.
  Time since last request: 1.105932 seconds.
  path: Assets/JellyIcons/512x512/Icons/BlueSquares/BlueSquareRewind.png
  artifactKey: Guid(1218579f57bad434b94f1d0fdd187fce) Importer(815301076,1909f56bfc062723c751e8b465ee728b)
Start importing Assets/JellyIcons/512x512/Icons/BlueSquares/BlueSquareRewind.png using Guid(1218579f57bad434b94f1d0fdd187fce) Importer(815301076,1909f56bfc062723c751e8b465ee728b)  -> (artifact id: '4d9d3db399ebe648fea79ae330947d52') in 0.186345 seconds 
========================================================================
Received Import Request.
  Time since last request: 0.079779 seconds.
  path: Assets/JellyIcons/512x512/Icons/BlueSquares/BlueSquareShare.png
  artifactKey: Guid(29d48f7f4dacc724ab7a92cb2d272cfc) Importer(815301076,1909f56bfc062723c751e8b465ee728b)
Start importing Assets/JellyIcons/512x512/Icons/BlueSquares/BlueSquareShare.png using Guid(29d48f7f4dacc724ab7a92cb2d272cfc) Importer(815301076,1909f56bfc062723c751e8b465ee728b)  -> (artifact id: '2d36f7ac8003a9051ddddc20a4b70afd') in 0.081050 seconds 
========================================================================
Received Import Request.
  Time since last request: 0.415582 seconds.
  path: Assets/JellyIcons/512x512/Icons/BlueSquares/BlueSquareStar.png
  artifactKey: Guid(41b6150f5c83251429ec62c496399206) Importer(815301076,1909f56bfc062723c751e8b465ee728b)
Start importing Assets/JellyIcons/512x512/Icons/BlueSquares/BlueSquareStar.png using Guid(41b6150f5c83251429ec62c496399206) Importer(815301076,1909f56bfc062723c751e8b465ee728b)  -> (artifact id: '171ec9a65190496f4906ba596133d40e') in 0.165229 seconds 
========================================================================
Received Prepare
Registering precompiled user dll's ...
Registered in 0.006558 seconds.
Begin MonoManager ReloadAssembly
Symbol file LoadedFromMemory doesn't match image D:\Unity\Progetti Miei\Nutty2DProject\Nutty2D\Library\PackageCache\com.unity.visualscripting@1.8.0\Editor\VisualScripting.Core\Dependencies\YamlDotNet\Unity.VisualScripting.YamlDotNet.dll
Symbol file LoadedFromMemory doesn't match image D:\Unity\Progetti Miei\Nutty2DProject\Nutty2D\Library\PackageCache\com.unity.visualscripting@1.8.0\Editor\VisualScripting.Core\Dependencies\DotNetZip\Unity.VisualScripting.IonicZip.dll
Native extension for WindowsStandalone target not found
Native extension for iOS target not found
Native extension for Android target not found
Refreshing native plugins compatible for Editor in 0.81 ms, found 4 plugins.
Preloading 0 native plugins for Editor in 0.00 ms.
Mono: successfully reloaded assembly
- Completed reload, in  1.245 seconds
Domain Reload Profiling:
	ReloadAssembly (1245ms)
		BeginReloadAssembly (213ms)
			ExecutionOrderSort (0ms)
			DisableScriptedObjects (14ms)
			BackupInstance (0ms)
			ReleaseScriptingObjects (0ms)
			CreateAndSetChildDomain (55ms)
		EndReloadAssembly (896ms)
			LoadAssemblies (162ms)
			RebuildTransferFunctionScriptingTraits (0ms)
			SetupTypeCache (311ms)
			ReleaseScriptCaches (1ms)
			RebuildScriptCaches (46ms)
			SetupLoadedEditorAssemblies (348ms)
				LogAssemblyErrors (0ms)
				InitializePlatformSupportModulesInManaged (35ms)
				SetLoadedEditorAssemblies (0ms)
				RefreshPlugins (1ms)
				BeforeProcessingInitializeOnLoad (79ms)
				ProcessInitializeOnLoadAttributes (197ms)
				ProcessInitializeOnLoadMethodAttributes (34ms)
				AfterProcessingInitializeOnLoad (2ms)
				EditorAssembliesLoaded (0ms)
			ExecutionOrderSort2 (0ms)
			AwakeInstancesAfterBackupRestoration (11ms)
Platform modules already initialized, skipping
Refreshing native plugins compatible for Editor in 2.28 ms, found 4 plugins.
Preloading 0 native plugins for Editor in 0.00 ms.
Unloading 3733 Unused Serialized files (Serialized files now loaded: 0)
Unloading 28 unused Assets / (196.0 KB). Loaded Objects now: 4219.
Memory consumption went from 147.7 MB to 147.6 MB.
Total: 3.260200 ms (FindLiveObjects: 0.265200 ms CreateObjectMapping: 0.153800 ms MarkObjects: 2.700500 ms  DeleteObjects: 0.139800 ms)

AssetImportParameters requested are different than current active one (requested -> active):
  custom:video-decoder-ogg-theora: a1e56fd34408186e4bbccfd4996cb3dc -> 
  custom:container-muxer-webm: aa71ff27fc2769a1b78a27578f13a17b -> 
  custom:container-demuxer-webm: 4f35f7cbe854078d1ac9338744f61a02 -> 
  custom:video-encoder-webm-vp8: eb34c28f22e8b96e1ab97ce403110664 -> 
  custom:audio-encoder-webm-vorbis: bf7c407c2cedff20999df2af8eb42d56 -> 
  custom:framework-win-MediaFoundation: 216162199b28c13a410421893ffa2e32 -> 
  custom:container-demuxer-ogg: 62fdf1f143b41e24485cea50d1cbac27 -> 
  custom:video-decoder-webm-vp8: 9c59270c3fd7afecdb556c50c9e8de78 -> 
  custom:audio-decoder-ogg-vorbis: bf7c407c2cedff20999df2af8eb42d56 -> 
Editor requested this worker to shutdown with reason: Scaling down because of idle timeout
AssetImportWorker is now disconnected from the server
Process exiting
Exiting without the bug reporter. Application will terminate with return code 0